TN:
SF:src/app.ts
FN:9,NotFound
FN:10,InvalidArgument
FN:11,InternalServerError
FNF:3
FNH:1
FNDA:0,NotFound
FNDA:1,InvalidArgument
FNDA:0,InternalServerError
DA:1,1
DA:2,1
DA:3,1
DA:4,1
DA:5,1
DA:6,1
DA:7,1
DA:8,1
DA:9,0
DA:10,1
DA:11,0
DA:12,1
DA:13,1
DA:14,1
DA:15,1
DA:16,1
DA:17,1
DA:18,1
DA:19,1
DA:20,1
DA:21,1
LF:21
LH:19
BRDA:9,0,0,3
BRDA:10,1,0,3
BRDA:10,2,0,1
BRDA:11,3,0,3
BRF:4
BRH:4
end_of_record
TN:
SF:src/routes.ts
FNF:0
FNH:0
DA:1,1
DA:2,1
DA:3,1
DA:4,1
DA:5,1
DA:6,1
DA:7,1
DA:8,1
DA:9,1
DA:10,1
DA:11,1
DA:12,1
DA:13,0
DA:14,0
DA:15,0
DA:16,1
DA:17,1
DA:18,1
DA:19,1
DA:20,1
DA:21,1
DA:22,1
LF:22
LH:19
BRF:0
BRH:0
end_of_record
TN:
SF:src/controllers/createTransactionController.ts
FN:8,CreateTransactionController
FN:9,Object.<anonymous>.CreateTransactionController.handle
FNF:2
FNH:2
FNDA:3,CreateTransactionController
FNDA:4,Object.<anonymous>.CreateTransactionController.handle
DA:1,1
DA:2,1
DA:3,1
DA:4,1
DA:5,1
DA:6,1
DA:7,1
DA:8,3
DA:9,3
DA:10,4
DA:11,4
DA:12,4
DA:13,4
DA:14,4
DA:15,4
DA:16,4
DA:17,4
DA:18,4
DA:19,4
DA:20,4
DA:21,4
DA:22,4
DA:23,4
DA:24,4
DA:25,4
DA:26,4
DA:27,4
DA:28,4
DA:29,4
DA:30,4
DA:31,4
DA:32,4
DA:33,4
DA:34,3
DA:35,1
DA:36,1
LF:36
LH:36
BRDA:8,0,0,3
BRDA:8,1,0,3
BRDA:9,2,0,4
BRF:3
BRH:3
end_of_record
TN:
SF:src/controllers/listBalanceController.ts
FN:4,ListBalanceController
FN:5,Object.<anonymous>.ListBalanceController.handle
FNF:2
FNH:2
FNDA:3,ListBalanceController
FNDA:1,Object.<anonymous>.ListBalanceController.handle
DA:1,1
DA:2,1
DA:3,1
DA:4,3
DA:5,3
DA:6,1
DA:7,1
DA:8,1
DA:9,1
DA:10,1
DA:11,1
DA:12,1
DA:13,1
DA:14,3
DA:15,1
DA:16,1
LF:16
LH:16
BRDA:4,0,0,3
BRDA:4,1,0,3
BRDA:5,2,0,1
BRF:3
BRH:3
end_of_record
TN:
SF:src/controllers/listTransactionsController.ts
FN:4,ListTransactionsController
FN:5,Object.<anonymous>.ListTransactionsController.handle
FNF:2
FNH:2
FNDA:3,ListTransactionsController
FNDA:1,Object.<anonymous>.ListTransactionsController.handle
DA:1,1
DA:2,1
DA:3,1
DA:4,3
DA:5,3
DA:6,1
DA:7,1
DA:8,1
DA:9,1
DA:10,1
DA:11,3
DA:12,1
DA:13,1
LF:13
LH:13
BRDA:4,0,0,3
BRDA:4,1,0,3
BRDA:5,2,0,1
BRF:3
BRH:3
end_of_record
TN:
SF:src/database/prismaClient.ts
FNF:0
FNH:0
DA:1,1
DA:2,1
DA:3,1
DA:4,1
DA:5,1
LF:5
LH:5
BRF:0
BRH:0
end_of_record
TN:
SF:src/middlewares/errorHandler.ts
FN:4,errorHandler
FNF:1
FNH:1
FNDA:1,errorHandler
DA:1,1
DA:2,1
DA:3,1
DA:4,1
DA:5,1
DA:6,1
DA:7,1
DA:8,1
DA:9,1
DA:10,1
DA:11,1
DA:12,1
DA:13,0
DA:14,0
DA:15,0
DA:16,0
DA:17,1
DA:18,1
DA:19,0
DA:20,0
DA:21,0
DA:22,0
DA:23,1
DA:24,1
DA:25,0
DA:26,0
DA:27,0
DA:28,0
DA:29,1
DA:30,1
DA:31,1
DA:32,1
DA:33,1
DA:34,1
LF:34
LH:22
BRDA:4,0,0,1
BRDA:12,1,0,0
BRDA:18,2,0,0
BRDA:24,3,0,0
BRF:4
BRH:1
end_of_record
TN:
SF:src/services/createTransactionService.ts
FN:17,getPaymentVariables
FN:39,CreateTransactionService
FN:40,Object.<anonymous>.CreateTransactionService.execute
FNF:3
FNH:3
FNDA:3,getPaymentVariables
FNDA:4,CreateTransactionService
FNDA:4,Object.<anonymous>.CreateTransactionService.execute
DA:1,1
DA:2,1
DA:3,1
DA:4,1
DA:5,1
DA:6,1
DA:7,1
DA:8,1
DA:9,1
DA:10,1
DA:11,1
DA:12,1
DA:13,1
DA:14,1
DA:15,1
DA:16,1
DA:17,3
DA:18,3
DA:19,3
DA:20,3
DA:21,3
DA:22,3
DA:23,3
DA:24,3
DA:25,3
DA:26,3
DA:27,3
DA:28,3
DA:29,3
DA:30,3
DA:31,3
DA:32,3
DA:33,3
DA:34,3
DA:35,3
DA:36,3
DA:37,3
DA:38,1
DA:39,4
DA:40,4
DA:41,4
DA:42,4
DA:43,4
DA:44,4
DA:45,4
DA:46,4
DA:47,4
DA:48,4
DA:49,4
DA:50,4
DA:51,4
DA:52,4
DA:53,4
DA:54,4
DA:55,4
DA:56,3
DA:57,4
DA:58,1
DA:59,1
DA:60,3
DA:61,3
DA:62,3
DA:63,3
DA:64,3
DA:65,3
DA:66,3
DA:67,3
DA:68,3
DA:69,3
DA:70,3
DA:71,3
DA:72,3
DA:73,3
DA:74,3
DA:75,3
DA:76,3
DA:77,3
DA:78,3
DA:79,3
DA:80,3
DA:81,3
DA:82,3
DA:83,3
DA:84,3
DA:85,3
DA:86,3
DA:87,4
DA:88,4
DA:89,4
DA:90,4
DA:91,4
DA:92,1
DA:93,1
LF:93
LH:93
BRDA:17,0,0,3
BRDA:39,1,0,3
BRDA:39,2,0,4
BRDA:40,3,0,4
BRDA:50,4,0,3
BRDA:51,5,0,3
BRDA:52,6,0,3
BRDA:53,7,0,3
BRDA:54,8,0,3
BRDA:55,9,0,3
BRDA:57,10,0,3
BRDA:57,11,0,1
BRF:12
BRH:12
end_of_record
TN:
SF:src/services/listBalanceService.ts
FN:4,ListBalanceService
FN:5,Object.<anonymous>.ListBalanceService.execute
FNF:2
FNH:2
FNDA:1,ListBalanceService
FNDA:1,Object.<anonymous>.ListBalanceService.execute
DA:1,1
DA:2,1
DA:3,1
DA:4,1
DA:5,1
DA:6,1
DA:7,1
DA:8,1
DA:9,1
DA:10,1
DA:11,1
DA:12,1
DA:13,1
DA:14,1
DA:15,1
DA:16,1
DA:17,1
DA:18,1
DA:19,1
DA:20,1
DA:21,1
DA:22,1
DA:23,1
DA:24,1
DA:25,1
DA:26,1
DA:27,1
DA:28,1
DA:29,1
LF:29
LH:29
BRDA:4,0,0,3
BRDA:4,1,0,1
BRDA:5,2,0,1
BRDA:6,3,0,1
BRDA:15,4,0,0
BRDA:15,5,0,0
BRDA:18,6,0,0
BRDA:14,7,0,1
BRDA:17,8,0,1
BRF:9
BRH:6
end_of_record
TN:
SF:src/services/listTransactionsService.ts
FN:3,ListTransactionsService
FN:4,Object.<anonymous>.ListTransactionsService.execute
FNF:2
FNH:2
FNDA:1,ListTransactionsService
FNDA:1,Object.<anonymous>.ListTransactionsService.execute
DA:1,1
DA:2,1
DA:3,1
DA:4,1
DA:5,1
DA:6,1
DA:7,1
DA:8,1
DA:9,1
DA:10,1
LF:10
LH:10
BRDA:3,0,0,3
BRDA:3,1,0,1
BRDA:4,2,0,1
BRDA:5,3,0,1
BRF:4
BRH:4
end_of_record
TN:
SF:tests/helpers/helper.ts
FN:7,createTransaction
FNF:1
FNH:1
FNDA:2,createTransaction
DA:1,1
DA:2,1
DA:3,1
DA:4,1
DA:5,1
DA:6,1
DA:7,2
DA:8,2
DA:9,2
DA:10,2
DA:11,2
DA:12,2
DA:13,2
DA:14,2
LF:14
LH:14
BRDA:7,0,0,2
BRF:1
BRH:1
end_of_record
TN:
SF:tests/helpers/mock.ts
FN:3,mockITransactionRequest
FNF:1
FNH:1
FNDA:3,mockITransactionRequest
DA:1,1
DA:2,1
DA:3,3
DA:4,3
DA:5,3
DA:6,3
DA:7,3
DA:8,3
DA:9,3
DA:10,3
DA:11,3
DA:12,3
DA:13,3
DA:14,3
LF:14
LH:14
BRDA:3,0,0,3
BRF:1
BRH:1
end_of_record
